  main.cpp
G:\Documents\Qt\Lab5\Lab5\matrix.cpp(26,24): warning C4018: <: несоответствие типов со знаком и без знака
G:\Documents\Qt\Lab5\Lab5\matrix.cpp(18): message : во время компиляции функции-члена класс шаблон "matrix<int>::matrix(matrix<int> &)"
G:\Documents\Qt\Lab5\Lab5\main.cpp(27): message : выполняется компиляция ссылки на экземпляр шаблон функции "matrix<int>::matrix(matrix<int> &)"
G:\Documents\Qt\Lab5\Lab5\main.cpp(7): message : выполняется компиляция ссылки на экземпляр класс шаблон функции "matrix<int>"
G:\Documents\Qt\Lab5\Lab5\matrix.cpp(28,25): warning C4018: <: несоответствие типов со знаком и без знака
G:\Documents\Qt\Lab5\Lab5\matrix.cpp(148,24): warning C4018: <: несоответствие типов со знаком и без знака
G:\Documents\Qt\Lab5\Lab5\matrix.cpp(138): message : во время компиляции функции-члена класс шаблон "matrix<int> &matrix<int>::operator =(matrix<int> &)"
G:\Documents\Qt\Lab5\Lab5\main.cpp(32): message : выполняется компиляция ссылки на экземпляр шаблон функции "matrix<int> &matrix<int>::operator =(matrix<int> &)"
G:\Documents\Qt\Lab5\Lab5\matrix.cpp(150,25): warning C4018: <: несоответствие типов со знаком и без знака
G:\Documents\Qt\Lab5\Lab5\matrix.cpp(179,24): warning C4018: <: несоответствие типов со знаком и без знака
G:\Documents\Qt\Lab5\Lab5\matrix.cpp(178): message : во время компиляции функции-члена класс шаблон "matrix<int> &matrix<int>::operator -=(matrix<int> &)"
G:\Documents\Qt\Lab5\Lab5\main.cpp(37): message : выполняется компиляция ссылки на экземпляр шаблон функции "matrix<int> &matrix<int>::operator -=(matrix<int> &)"
G:\Documents\Qt\Lab5\Lab5\matrix.cpp(181,25): warning C4018: <: несоответствие типов со знаком и без знака
G:\Documents\Qt\Lab5\Lab5\matrix.cpp(352,24): warning C4018: <: несоответствие типов со знаком и без знака
G:\Documents\Qt\Lab5\Lab5\main.cpp(19): message : выполняется компиляция ссылки на экземпляр шаблон функции "std::ostream &operator <<<int>(std::ostream &,matrix<int> &)"
G:\Documents\Qt\Lab5\Lab5\matrix.cpp(354,25): warning C4018: <: несоответствие типов со знаком и без знака
G:\Documents\Qt\Lab5\Lab5\matrix.cpp(281,33): warning C4018: <: несоответствие типов со знаком и без знака
G:\Documents\Qt\Lab5\Lab5\main.cpp(56): message : выполняется компиляция ссылки на экземпляр шаблон функции "matrix<int> operator +<int>(matrix<int> &,double)"
G:\Documents\Qt\Lab5\Lab5\matrix.cpp(281,44): warning C4018: <: несоответствие типов со знаком и без знака
G:\Documents\Qt\Lab5\Lab5\matrix.cpp(283,12): warning C4244: инициализация: преобразование "double" в "_T", возможна потеря данных
          with
          [
              _T=int
          ]
G:\Documents\Qt\Lab5\Lab5\matrix.cpp(337,24): warning C4018: <: несоответствие типов со знаком и без знака
G:\Documents\Qt\Lab5\Lab5\main.cpp(61): message : выполняется компиляция ссылки на экземпляр шаблон функции "matrix<int> operator *<int>(matrix<int> &,double)"
G:\Documents\Qt\Lab5\Lab5\matrix.cpp(339,25): warning C4018: <: несоответствие типов со знаком и без знака
G:\Documents\Qt\Lab5\Lab5\matrix.cpp(341,13): warning C4244: инициализация: преобразование "double" в "_T", возможна потеря данных
          with
          [
              _T=int
          ]
  Lab5.vcxproj -> G:\Documents\Qt\Lab5\Debug\Lab5.exe
